23:11:01.569 [MainThread] INFO    thonny: Thonny version: 4.1.7
23:11:01.569 [MainThread] INFO    thonny: cwd: /home/johnny/.config/Thonny/leave_this_empty
23:11:01.569 [MainThread] INFO    thonny: original argv: ['/usr/bin/python', '-u', '-B', '/usr/lib/python3.13/site-packages/thonny/plugins/cpython_backend/cp_launcher.py', '/home/johnny', "{'run.warn_module_shadowing': True}"]
23:11:01.569 [MainThread] INFO    thonny: sys.executable: /usr/bin/python
23:11:01.569 [MainThread] INFO    thonny: sys.argv: ['/usr/lib/python3.13/site-packages/thonny/plugins/cpython_backend/cp_launcher.py', '/home/johnny', "{'run.warn_module_shadowing': True}"]
23:11:01.569 [MainThread] INFO    thonny: sys.path: ['/usr/lib/python3.13/site-packages/thonny/plugins/cpython_backend', '/usr/lib/python313.zip', '/usr/lib/python3.13', '/usr/lib/python3.13/lib-dynload', '/usr/lib/python3.13/site-packages']
23:11:01.569 [MainThread] INFO    thonny: sys.flags: sys.flags(debug=0, inspect=0, interactive=0, optimize=0, dont_write_bytecode=1, no_user_site=0, no_site=0, ignore_environment=0, verbose=0, bytes_warning=0, quiet=0, hash_randomization=1, isolated=0, dev_mode=False, utf8_mode=0, warn_default_encoding=0, safe_path=False, int_max_str_digits=4300)
23:11:01.569 [MainThread] INFO    thonny: TIME/MODS 0.017 Before constructing backend (+29 modules)
23:11:01.570 [MainThread] INFO    thonny: NEW MODS ['_heapq', '_locale', '_posixsubprocess', '_queue', 'encodings.ascii', 'faulthandler', 'fcntl', 'fnmatch', 'glob', 'grp', 'heapq', 'importlib._abc', 'importlib.util', 'locale', 'math', 'ntpath', 'pathlib', 'pathlib._abc', 'pathlib._local', 'pwd', 'queue', 'select', 'selectors', 'signal', 'subprocess', 'thonny.backend', 'thonny.plugins', 'thonny.plugins.cpython_backend', 'thonny.plugins.cpython_backend.cp_back']
23:11:01.570 [MainThread] INFO    thonny: TIME/MODS 0.000 Before MainBackend 
23:11:01.570 [MainThread] INFO    thonny: TIME/MODS 0.000 After MainBackend 
23:11:01.603 [MainThread] INFO    thonny.backend: Loading plugins
23:11:01.604 [MainThread] INFO    thonny: TIME/MODS 0.034 Before loading plugins (+10 modules)
23:11:01.604 [MainThread] INFO    thonny: NEW MODS ['_pyrepl', '_pyrepl.pager', '_sysconfigdata__linux_x86_64-linux-gnu', 'ipaddress', 'pkgutil', 'platform', 'pydoc', 'sysconfig', 'urllib', 'urllib.parse']
23:11:01.604 [MainThread] INFO    thonny.common: Using THONNY_FRONTEND_SYS_PATH ['/usr/bin', '/usr/lib/python313.zip', '/usr/lib/python3.13', '/usr/lib/python3.13/lib-dynload', '/usr/lib/python3.13/site-packages', '/home/johnny/.config/Thonny/plugins/lib/python3.13/site-packages']
23:11:01.606 [MainThread] INFO    thonny.backend: Loading plugin 'thonny.plugins.backend.birdseye_backend'
23:11:01.609 [MainThread] INFO    thonny.backend: Loading plugin 'thonny.plugins.backend.dock_user_windows_backend'
23:11:01.611 [MainThread] INFO    thonny.backend: Loading plugin 'thonny.plugins.backend.flask_backend'
23:11:01.612 [MainThread] INFO    thonny.backend: Loading plugin 'thonny.plugins.backend.matplotlib_backend'
23:11:01.612 [MainThread] INFO    thonny.backend: Loading plugin 'thonny.plugins.backend.pgzero_backend'
23:11:01.616 [MainThread] INFO    thonny: TIME/MODS 0.012 After loading plugins (+6 modules)
23:11:01.616 [MainThread] INFO    thonny: NEW MODS ['thonny.plugins.backend', 'thonny.plugins.backend.birdseye_backend', 'thonny.plugins.backend.dock_user_windows_backend', 'thonny.plugins.backend.flask_backend', 'thonny.plugins.backend.matplotlib_backend', 'thonny.plugins.backend.pgzero_backend']
23:11:01.619 [MainThread] INFO    thonny: TIME/MODS 0.002 Beginning of mainloop 
23:11:01.619 [MainThread] INFO    thonny: TIME/MODS 0.001 Sending message ToplevelResponse 
23:11:01.620 [MainThread] INFO    thonny.backend: Loading Jedi
23:11:01.620 [MainThread] INFO    thonny: TIME/MODS 0.001 Before loading Jedi 
23:11:01.620 [MainThread] INFO    thonny.common: Using THONNY_FRONTEND_SYS_PATH ['/usr/bin', '/usr/lib/python313.zip', '/usr/lib/python3.13', '/usr/lib/python3.13/lib-dynload', '/usr/lib/python3.13/site-packages', '/home/johnny/.config/Thonny/plugins/lib/python3.13/site-packages']
23:11:01.820 [MainThread] INFO    thonny: TIME/MODS 0.200 After loading Jedi (+136 modules)
23:11:01.820 [MainThread] INFO    thonny: NEW MODS ['_blake2', '_bz2', '_compat_pickle', '_compression', '_ctypes', '_hashlib', '_json', '_lzma', '_pickle', '_struct', 'binascii', 'bz2', 'colorama', 'colorama.ansi', 'colorama.ansitowin32', 'colorama.initialise', 'colorama.win32', 'colorama.winterm', 'ctypes', 'ctypes._endian', 'difflib', 'filecmp', 'gc', 'hashlib', 'jedi', 'jedi._compatibility', 'jedi.api', 'jedi.api.classes', 'jedi.api.completion', 'jedi.api.completion_cache', 'jedi.api.environment', 'jedi.api.errors', 'jedi.api.exceptions', 'jedi.api.file_name', 'jedi.api.helpers', 'jedi.api.interpreter', 'jedi.api.keywords', 'jedi.api.project', 'jedi.api.refactoring', 'jedi.api.refactoring.extract', 'jedi.api.strings', 'jedi.cache', 'jedi.common', 'jedi.debug', 'jedi.file_io', 'jedi.inference', 'jedi.inference.analysis', 'jedi.inference.arguments', 'jedi.inference.base_value', 'jedi.inference.cache', 'jedi.inference.compiled', 'jedi.inference.compiled.access', 'jedi.inference.compiled.getattr_static', 'jedi.inference.compiled.mixed', 'jedi.inference.compiled.subprocess', 'jedi.inference.compiled.subprocess.functions', 'jedi.inference.compiled.value', 'jedi.inference.context', 'jedi.inference.docstring_utils', 'jedi.inference.docstrings', 'jedi.inference.filters', 'jedi.inference.flow_analysis', 'jedi.inference.gradual', 'jedi.inference.gradual.annotation', 'jedi.inference.gradual.base', 'jedi.inference.gradual.conversion', 'jedi.inference.gradual.generics', 'jedi.inference.gradual.stub_value', 'jedi.inference.gradual.type_var', 'jedi.inference.gradual.typeshed', 'jedi.inference.gradual.typing', 'jedi.inference.gradual.utils', 'jedi.inference.helpers', 'jedi.inference.imports', 'jedi.inference.lazy_value', 'jedi.inference.names', 'jedi.inference.param', 'jedi.inference.parser_cache', 'jedi.inference.recursion', 'jedi.inference.references', 'jedi.inference.signature', 'jedi.inference.syntax_tree', 'jedi.inference.sys_path', 'jedi.inference.utils', 'jedi.inference.value', 'jedi.inference.value.decorator', 'jedi.inference.value.dynamic_arrays', 'jedi.inference.value.function', 'jedi.inference.value.instance', 'jedi.inference.value.iterable', 'jedi.inference.value.klass', 'jedi.inference.value.module', 'jedi.inference.value.namespace', 'jedi.parser_utils', 'jedi.plugins', 'jedi.plugins.django', 'jedi.plugins.flask', 'jedi.plugins.pytest', 'jedi.plugins.registry', 'jedi.plugins.stdlib', 'jedi.settings', 'json', 'json.decoder', 'json.encoder', 'json.scanner', 'lzma', 'parso', 'parso._compatibility', 'parso.cache', 'parso.file_io', 'parso.grammar', 'parso.normalizer', 'parso.parser', 'parso.pgen2', 'parso.pgen2.generator', 'parso.pgen2.grammar_parser', 'parso.python', 'parso.python.diff', 'parso.python.errors', 'parso.python.parser', 'parso.python.pep8', 'parso.python.prefix', 'parso.python.token', 'parso.python.tokenize', 'parso.python.tree', 'parso.tree', 'parso.utils', 'pickle', 'pydoc_data', 'pydoc_data.topics', 'shutil', 'struct', 'zipfile', 'zipfile._path', 'zipfile._path.glob', 'zlib']
23:11:53.527 [MainThread] INFO    thonny: TIME/MODS 51.707 Sending message highlight_occurrences_response (+1 modules)
23:11:53.527 [MainThread] INFO    thonny: NEW MODS ['thonny.jedi_utils']
23:11:55.803 [MainThread] INFO    thonny: TIME/MODS 2.277 Sending message highlight_occurrences_response 
23:11:58.105 [MainThread] INFO    thonny: TIME/MODS 2.302 Sending message highlight_occurrences_response 
23:12:02.582 [MainThread] INFO    thonny: TIME/MODS 4.477 Sending message highlight_occurrences_response 
23:12:10.263 [MainThread] INFO    thonny: TIME/MODS 7.681 Sending message highlight_occurrences_response 
